\BOOKMARK [1][]{section.1}{1\040Purpose\040and\040Scope}{}% 1
\BOOKMARK [1][]{section.2}{2\040Target\040Demographics}{}% 2
\BOOKMARK [1][]{section.3}{3\040Product\040Overview}{}% 3
\BOOKMARK [2][]{subsection.3.1}{3.1\040APIs}{section.3}% 4
\BOOKMARK [2][]{subsection.3.2}{3.2\040Website}{section.3}% 5
\BOOKMARK [2][]{subsection.3.3}{3.3\040Client}{section.3}% 6
\BOOKMARK [1][]{section.4}{4\040Requirements}{}% 7
\BOOKMARK [2][]{subsection.4.1}{4.1\040Function}{section.4}% 8
\BOOKMARK [3][]{subsubsection.4.1.1}{4.1.1\040Collection}{subsection.4.1}% 9
\BOOKMARK [3][]{subsubsection.4.1.2}{4.1.2\040Classification}{subsection.4.1}% 10
\BOOKMARK [3][]{subsubsection.4.1.3}{4.1.3\040Recommendation}{subsection.4.1}% 11
\BOOKMARK [2][]{subsection.4.2}{4.2\040Usability}{section.4}% 12
\BOOKMARK [3][]{subsubsection.4.2.1}{4.2.1\040Configuration}{subsection.4.2}% 13
\BOOKMARK [3][]{subsubsection.4.2.2}{4.2.2\040Internationalization}{subsection.4.2}% 14
\BOOKMARK [2][]{subsection.4.3}{4.3\040Technic}{section.4}% 15
\BOOKMARK [3][]{subsubsection.4.3.1}{4.3.1\040Security}{subsection.4.3}% 16
\BOOKMARK [3][]{subsubsection.4.3.2}{4.3.2\040Language}{subsection.4.3}% 17
\BOOKMARK [3][]{subsubsection.4.3.3}{4.3.3\040Environment}{subsection.4.3}% 18
\BOOKMARK [1][]{section.5}{5\040User\040Case\040Diagram}{}% 19
\BOOKMARK [1][]{section.6}{6\040Priority}{}% 20
\BOOKMARK [1][]{section.7}{7\040Timeline}{}% 21
\BOOKMARK [1][]{section.8}{8\040Evaluation}{}% 22
\BOOKMARK [2][]{subsection.8.1}{8.1\040Core}{section.8}% 23
\BOOKMARK [2][]{subsection.8.2}{8.2\040Website}{section.8}% 24
