This is XeTeX, Version 3.1415926-2.5-0.9999.3 (TeX Live 2013) (format=xelatex 2013.9.10)  19 OCT 2013 02:30
entering extended mode
 \write18 enabled.
 %&-line parsing enabled.
**report.tex
(./report.tex
LaTeX2e <2011/06/27>
Babel <3.9f> and hyphenation patterns for 78 languages loaded.
(/opt/texlive/2013/texmf-dist/tex/latex/base/article.cls
Document Class: article 2007/10/19 v1.4h Standard LaTeX document class
(/opt/texlive/2013/texmf-dist/tex/latex/base/size11.clo
File: size11.clo 2007/10/19 v1.4h Standard LaTeX file (size option)
)
\c@part=\count80
\c@section=\count81
\c@subsection=\count82
\c@subsubsection=\count83
\c@paragraph=\count84
\c@subparagraph=\count85
\c@figure=\count86
\c@table=\count87
\abovecaptionskip=\skip41
\belowcaptionskip=\skip42
\bibindent=\dimen102
)
(/opt/texlive/2013/texmf-dist/tex/latex/threeparttable/threeparttable.sty
Package: threeparttable 2003/06/13  v 3.0
\@tempboxb=\box26
)
(/opt/texlive/2013/texmf-dist/tex/generic/dirtree/dirtree.sty
Package: dirtree 2012/12/11 v0.32 package wrapper for dirtree

(/opt/texlive/2013/texmf-dist/tex/generic/dirtree/dirtree.tex
`dirtree' v0.32, 2012/12/11 (jcc)
\DT@offset=\dimen103
\DT@width=\dimen104
\DT@sep=\dimen105
\DT@all=\dimen106
\DT@rulewidth=\dimen107
\DT@dotwidth=\dimen108
\DTbaselineskip=\dimen109
\DT@counti=\count88
\DT@countii=\count89
\DT@countiii=\count90
\DT@countiv=\count91
\DT@indent=\dimen110
\DT@parskip=\dimen111
\DT@baselineskip=\dimen112
)
File: dirtree.tex 2012/12/11 v0.32 `dirtree' (jcc)
)
(/opt/texlive/2013/texmf-dist/tex/latex/keystroke/keystroke.sty
Package: keystroke 2010/04/23 v1.6 3D keystrokes (SuSE GmbH/RN)

(/opt/texlive/2013/texmf-dist/tex/latex/graphics/graphics.sty
Package: graphics 2009/02/05 v1.0o Standard LaTeX Graphics (DPC,SPQR)

(/opt/texlive/2013/texmf-dist/tex/latex/graphics/trig.sty
Package: trig 1999/03/16 v1.09 sin cos tan (DPC)
)
(/opt/texlive/2013/texmf-dist/tex/latex/latexconfig/graphics.cfg
File: graphics.cfg 2010/04/23 v1.9 graphics configuration of TeX Live
)
Package graphics Info: Driver file: xetex.def on input line 91.

(/opt/texlive/2013/texmf-dist/tex/xelatex/xetex-def/xetex.def
File: xetex.def 2013/04/29 v0.96 LaTeX color/graphics driver for XeTeX (RRM/JK)

))
\suse@key=\box27
\keystroke@left=\box28
\keystroke@right=\box29
\keystroke@middle=\box30
File: keystroke_left.pdf Graphic file (type QTm)

<use  "keystroke_left.pdf" >
File: keystroke_middle.pdf Graphic file (type QTm)
 <use  "keystroke_middle.pdf" >
File: keystroke_right.pdf Graphic file (type QTm)

<use  "keystroke_right.pdf" >)
(/opt/texlive/2013/texmf-dist/tex/latex/fontspec/fontspec.sty
Package: fontspec 2013/05/20 v2.3c Font selection for XeLaTeX and LuaLaTeX

(/opt/texlive/2013/texmf-dist/tex/latex/l3kernel/expl3.sty
(/opt/texlive/2013/texmf-dist/tex/latex/l3kernel/l3names.sty
(/opt/texlive/2013/texmf-dist/tex/latex/l3kernel/l3bootstrap.sty
Package: l3bootstrap 2013/01/08 v4420 L3 Experimental bootstrap code
)
Package: l3names 2012/12/07 v4346 L3 Namespace for primitives
)
(/opt/texlive/2013/texmf-dist/tex/latex/etex-pkg/etex.sty
Package: etex 1998/03/26 v2.0 eTeX basic definition package (PEB)
\et@xins=\count92
)
Package: expl3 2013/03/14 v4469 L3 Experimental code bundle wrapper

(/opt/texlive/2013/texmf-dist/tex/latex/l3kernel/l3basics.sty
Package: l3basics 2013/01/10 v4428 L3 Basic definitions
)
(/opt/texlive/2013/texmf-dist/tex/latex/l3kernel/l3expan.sty
Package: l3expan 2013/02/03 v4458 L3 Argument expansion
)
(/opt/texlive/2013/texmf-dist/tex/latex/l3kernel/l3tl.sty
Package: l3tl 2013/01/08 v4415 L3 Token lists
)
(/opt/texlive/2013/texmf-dist/tex/latex/l3kernel/l3seq.sty
Package: l3seq 2013/01/12 v4434 L3 Sequences and stacks
)
(/opt/texlive/2013/texmf-dist/tex/latex/l3kernel/l3int.sty
Package: l3int 2013/01/13 v4444 L3 Integers
\c_max_int=\count93
\l_tmpa_int=\count94
\l_tmpb_int=\count95
\g_tmpa_int=\count96
\g_tmpb_int=\count97
)
(/opt/texlive/2013/texmf-dist/tex/latex/l3kernel/l3quark.sty
Package: l3quark 2012/11/04 v4268 L3 Quarks
)
(/opt/texlive/2013/texmf-dist/tex/latex/l3kernel/l3prg.sty
Package: l3prg 2013/02/13 v4459 L3 Control structures
\g__prg_map_int=\count98
)
(/opt/texlive/2013/texmf-dist/tex/latex/l3kernel/l3clist.sty
Package: l3clist 2013/01/08 v4414 L3 Comma separated lists
)
(/opt/texlive/2013/texmf-dist/tex/latex/l3kernel/l3token.sty
Package: l3token 2013/01/10 v4428 L3 Experimental token manipulation
)
(/opt/texlive/2013/texmf-dist/tex/latex/l3kernel/l3prop.sty
Package: l3prop 2013/01/09 v4423 L3 Property lists
)
(/opt/texlive/2013/texmf-dist/tex/latex/l3kernel/l3msg.sty
Package: l3msg 2013/01/08 v4412 L3 Messages
)
(/opt/texlive/2013/texmf-dist/tex/latex/l3kernel/l3file.sty
Package: l3file 2013/01/14 v4446 L3 File and I/O operations
\l_iow_line_count_int=\count99
\l__iow_target_count_int=\count100
\l__iow_current_line_int=\count101
\l__iow_current_word_int=\count102
\l__iow_current_indentation_int=\count103
)
(/opt/texlive/2013/texmf-dist/tex/latex/l3kernel/l3skip.sty
Package: l3skip 2013/01/13 v4444 L3 Dimensions and skips
\c_zero_dim=\dimen113
\c_max_dim=\dimen114
\l_tmpa_dim=\dimen115
\l_tmpb_dim=\dimen116
\g_tmpa_dim=\dimen117
\g_tmpb_dim=\dimen118
\c_zero_skip=\skip43
\c_max_skip=\skip44
\l_tmpa_skip=\skip45
\l_tmpb_skip=\skip46
\g_tmpa_skip=\skip47
\g_tmpb_skip=\skip48
\c_zero_muskip=\muskip10
\c_max_muskip=\muskip11
\l_tmpa_muskip=\muskip12
\l_tmpb_muskip=\muskip13
\g_tmpa_muskip=\muskip14
\g_tmpb_muskip=\muskip15
)
(/opt/texlive/2013/texmf-dist/tex/latex/l3kernel/l3keys.sty
Package: l3keys 2013/02/24 v4461 L3 Experimental key-value interfaces
\g__keyval_level_int=\count104
\l_keys_choice_int=\count105
)
(/opt/texlive/2013/texmf-dist/tex/latex/l3kernel/l3fp.sty
Package: l3fp 2013/01/19 v4449 L3 Floating points
\c__fp_leading_shift_int=\count106
\c__fp_middle_shift_int=\count107
\c__fp_trailing_shift_int=\count108
\c__fp_big_leading_shift_int=\count109
\c__fp_big_middle_shift_int=\count110
\c__fp_big_trailing_shift_int=\count111
\c__fp_Bigg_leading_shift_int=\count112
\c__fp_Bigg_middle_shift_int=\count113
\c__fp_Bigg_trailing_shift_int=\count114
)
(/opt/texlive/2013/texmf-dist/tex/latex/l3kernel/l3box.sty
Package: l3box 2013/01/08 v4411 L3 Experimental boxes
\c_empty_box=\box31
\l_tmpa_box=\box32
\l_tmpb_box=\box33
\g_tmpa_box=\box34
\g_tmpb_box=\box35
)
(/opt/texlive/2013/texmf-dist/tex/latex/l3kernel/l3coffins.sty
Package: l3coffins 2012/09/09 v4212 L3 Coffin code layer
\l__coffin_internal_box=\box36
\l__coffin_internal_dim=\dimen119
\l__coffin_offset_x_dim=\dimen120
\l__coffin_offset_y_dim=\dimen121
\l__coffin_x_dim=\dimen122
\l__coffin_y_dim=\dimen123
\l__coffin_x_prime_dim=\dimen124
\l__coffin_y_prime_dim=\dimen125
\c_empty_coffin=\box37
\l__coffin_aligned_coffin=\box38
\l__coffin_aligned_internal_coffin=\box39
\l_tmpa_coffin=\box40
\l_tmpb_coffin=\box41
\l__coffin_display_coffin=\box42
\l__coffin_display_coord_coffin=\box43
\l__coffin_display_pole_coffin=\box44
\l__coffin_display_offset_dim=\dimen126
\l__coffin_display_x_dim=\dimen127
\l__coffin_display_y_dim=\dimen128
)
(/opt/texlive/2013/texmf-dist/tex/latex/l3kernel/l3color.sty
Package: l3color 2012/08/29 v4156 L3 Experimental color support
)
(/opt/texlive/2013/texmf-dist/tex/latex/l3kernel/l3luatex.sty
Package: l3luatex 2012/08/03 v4049 L3 Experimental LuaTeX-specific functions
\g__cctab_allocate_int=\count115
\g__cctab_stack_int=\count116
)
(/opt/texlive/2013/texmf-dist/tex/latex/l3kernel/l3candidates.sty
Package: l3candidates 2013/03/14 v4468 L3 Experimental additions to l3kernel
\l__box_top_dim=\dimen129
\l__box_bottom_dim=\dimen130
\l__box_left_dim=\dimen131
\l__box_right_dim=\dimen132
\l__box_top_new_dim=\dimen133
\l__box_bottom_new_dim=\dimen134
\l__box_left_new_dim=\dimen135
\l__box_right_new_dim=\dimen136
\l__box_internal_box=\box45
\l__coffin_bounding_shift_dim=\dimen137
\l__coffin_left_corner_dim=\dimen138
\l__coffin_right_corner_dim=\dimen139
\l__coffin_bottom_corner_dim=\dimen140
\l__coffin_top_corner_dim=\dimen141
\l__coffin_scaled_total_height_dim=\dimen142
\l__coffin_scaled_width_dim=\dimen143
)
(/opt/texlive/2013/texmf-dist/tex/generic/oberdiek/ifpdf.sty
Package: ifpdf 2011/01/30 v2.3 Provides the ifpdf switch (HO)
Package ifpdf Info: pdfTeX in PDF mode is not detected.
))
(/opt/texlive/2013/texmf-dist/tex/latex/l3packages/xparse/xparse.sty
Package: xparse 2013/03/12 v4467 L3 Experimental document command parser
\l__xparse_current_arg_int=\count117
\l__xparse_m_args_int=\count118
\l__xparse_mandatory_args_int=\count119
\l__xparse_processor_int=\count120
\l__xparse_v_nesting_int=\count121
)
\l_fontspec_script_int=\count122
\l_fontspec_language_int=\count123
\l_fontspec_strnum_int=\count124
\l_fontspec_tmpa_dim=\dimen144
\l_fontspec_tmpb_dim=\dimen145
\l_fontspec_tmpc_dim=\dimen146
Variant \tl_gset:cV already defined; not changing it on line 69

(/opt/texlive/2013/texmf-dist/tex/latex/fontspec/fontspec-patches.sty
Package: fontspec-patches 2013/05/20 v2.3c Font selection for XeLaTeX and LuaLa
TeX

(/opt/texlive/2013/texmf-dist/tex/latex/base/fixltx2e.sty
Package: fixltx2e 2006/09/13 v1.1m fixes to LaTeX
LaTeX Info: Redefining \em on input line 420.
)
LaTeX Info: Redefining \em on input line 22.
LaTeX Info: Redefining \emph on input line 30.
LaTeX Info: Redefining \- on input line 33.

*************************************************
* LaTeX warning: "xparse/redefine-command"
* 
* Redefining document command \oldstylenums with arg. spec. 'm' on line 128.
*************************************************
.................................................
. LaTeX info: "xparse/define-command"
. 
. Defining document command \liningnums with arg. spec. 'm' on line 132.
.................................................
) (/opt/texlive/2013/texmf-dist/tex/latex/fontspec/fontspec-xetex.sty
Package: fontspec-xetex 2013/05/20 v2.3c Font selection for XeLaTeX and LuaLaTe
X

(/opt/texlive/2013/texmf-dist/tex/latex/base/fontenc.sty
Package: fontenc 2005/09/27 v1.99g Standard LaTeX package

(/opt/texlive/2013/texmf-dist/tex/latex/euenc/eu1enc.def
File: eu1enc.def 2010/05/27 v0.1h Experimental Unicode font encodings
)
LaTeX Font Info:    Try loading font information for EU1+lmr on input line 100.


(/opt/texlive/2013/texmf-dist/tex/latex/euenc/eu1lmr.fd
File: eu1lmr.fd 2009/10/30 v1.6 Font defs for Latin Modern
))
(/opt/texlive/2013/texmf-dist/tex/xelatex/xunicode/xunicode.sty
File: xunicode.sty 2011/09/09 v0.981 provides access to latin accents and many 
other characters in Unicode lower plane

(/opt/texlive/2013/texmf-dist/tex/latex/tipa/t3enc.def
File: t3enc.def 2001/12/31 T3 encoding
LaTeX Font Info:    Try loading font information for EU1+lmss on input line 357
.

(/opt/texlive/2013/texmf-dist/tex/latex/euenc/eu1lmss.fd
File: eu1lmss.fd 2009/10/30 v1.6 Font defs for Latin Modern
))
\tipaTiiicode=\count125
\tipasavetokens=\toks14
\tipachecktokens=\toks15

(/opt/texlive/2013/texmf-dist/tex/latex/graphics/graphicx.sty
Package: graphicx 1999/02/16 v1.0f Enhanced LaTeX Graphics (DPC,SPQR)

(/opt/texlive/2013/texmf-dist/tex/latex/graphics/keyval.sty
Package: keyval 1999/03/16 v1.13 key=value parser (DPC)
\KV@toks@=\toks16
)
\Gin@req@height=\dimen147
\Gin@req@width=\dimen148
))
.................................................
. LaTeX info: "xparse/define-command"
. 
. Defining document command \fontspec with arg. spec. 'O{}m' on line 41.
.................................................
.................................................
. LaTeX info: "xparse/define-command"
. 
. Defining document command \setmainfont with arg. spec. 'O{}m' on line 46.
.................................................
.................................................
. LaTeX info: "xparse/define-command"
. 
. Defining document command \setsansfont with arg. spec. 'O{}m' on line 51.
.................................................
.................................................
. LaTeX info: "xparse/define-command"
. 
. Defining document command \setmonofont with arg. spec. 'O{}m' on line 56.
.................................................
.................................................
. LaTeX info: "xparse/define-command"
. 
. Defining document command \setmathrm with arg. spec. 'O{}m' on line 65.
.................................................
.................................................
. LaTeX info: "xparse/define-command"
. 
. Defining document command \setboldmathrm with arg. spec. 'O{}m' on line 69.
.................................................
.................................................
. LaTeX info: "xparse/define-command"
. 
. Defining document command \setmathsf with arg. spec. 'O{}m' on line 73.
.................................................
.................................................
. LaTeX info: "xparse/define-command"
. 
. Defining document command \setmathtt with arg. spec. 'O{}m' on line 77.
.................................................
.................................................
. LaTeX info: "xparse/define-command"
. 
. Defining document command \newfontfamily with arg. spec. 'mO{}m' on line 96.
.................................................
.................................................
. LaTeX info: "xparse/define-command"
. 
. Defining document command \newfontface with arg. spec. 'mO{}m' on line 100.
.................................................
.................................................
. LaTeX info: "xparse/define-command"
. 
. Defining document command \defaultfontfeatures with arg. spec. 'om' on line
. 108.
.................................................
.................................................
. LaTeX info: "xparse/define-command"
. 
. Defining document command \addfontfeatures with arg. spec. 'm' on line 144.
.................................................
.................................................
. LaTeX info: "xparse/define-command"
. 
. Defining document command \newfontfeature with arg. spec. 'mm' on line 156.
.................................................
.................................................
. LaTeX info: "xparse/define-command"
. 
. Defining document command \newAATfeature with arg. spec. 'mmmm' on line 164.
.................................................
.................................................
. LaTeX info: "xparse/define-command"
. 
. Defining document command \newICUfeature with arg. spec. 'mmm' on line 172.
.................................................
.................................................
. LaTeX info: "xparse/define-command"
. 
. Defining document command \aliasfontfeature with arg. spec. 'mm' on line
. 201.
.................................................
.................................................
. LaTeX info: "xparse/define-command"
. 
. Defining document command \aliasfontfeatureoption with arg. spec. 'mmm' on
. line 203.
.................................................
.................................................
. LaTeX info: "xparse/define-command"
. 
. Defining document command \newfontscript with arg. spec. 'mm' on line 208.
.................................................
.................................................
. LaTeX info: "xparse/define-command"
. 
. Defining document command \newfontlanguage with arg. spec. 'mm' on line 235.
.................................................
.................................................
. LaTeX info: "xparse/define-command"
. 
. Defining document command \DeclareFontsExtensions with arg. spec. 'm' on
. line 256.
.................................................
Variant \prop_gput:cnV already defined; not changing it on line 582
Variant \prop_gput:cnx already defined; not changing it on line 583
\l_fontspec_tmp_int=\count126
LaTeX Info: Redefining \itshape on input line 2087.
LaTeX Info: Redefining \slshape on input line 2092.
LaTeX Info: Redefining \scshape on input line 2097.
LaTeX Info: Redefining \upshape on input line 2102.

(/opt/texlive/2013/texmf-dist/tex/latex/fontspec/fontspec.cfg)))
(/opt/texlive/2013/texmf-dist/tex/latex/amsmath/amsmath.sty
Package: amsmath 2013/01/14 v2.14 AMS math features
\@mathmargin=\skip49

For additional information on amsmath, use the `?' option.
(/opt/texlive/2013/texmf-dist/tex/latex/amsmath/amstext.sty
Package: amstext 2000/06/29 v2.01

(/opt/texlive/2013/texmf-dist/tex/latex/amsmath/amsgen.sty
File: amsgen.sty 1999/11/30 v2.0
\@emptytoks=\toks17
\ex@=\dimen149
))
(/opt/texlive/2013/texmf-dist/tex/latex/amsmath/amsbsy.sty
Package: amsbsy 1999/11/29 v1.2d
\pmbraise@=\dimen150
)
(/opt/texlive/2013/texmf-dist/tex/latex/amsmath/amsopn.sty
Package: amsopn 1999/12/14 v2.01 operator names
)
\inf@bad=\count127
LaTeX Info: Redefining \frac on input line 210.
\uproot@=\count128
\leftroot@=\count129
LaTeX Info: Redefining \overline on input line 306.
\classnum@=\count130
\DOTSCASE@=\count131
LaTeX Info: Redefining \ldots on input line 378.
LaTeX Info: Redefining \dots on input line 381.
LaTeX Info: Redefining \cdots on input line 466.
\Mathstrutbox@=\box46
\strutbox@=\box47
\big@size=\dimen151
LaTeX Font Info:    Redeclaring font encoding OML on input line 566.
LaTeX Font Info:    Redeclaring font encoding OMS on input line 567.
\macc@depth=\count132
\c@MaxMatrixCols=\count133
\dotsspace@=\muskip16
\c@parentequation=\count134
\dspbrk@lvl=\count135
\tag@help=\toks18
\row@=\count136
\column@=\count137
\maxfields@=\count138
\andhelp@=\toks19
\eqnshift@=\dimen152
\alignsep@=\dimen153
\tagshift@=\dimen154
\tagwidth@=\dimen155
\totwidth@=\dimen156
\lineht@=\dimen157
\@envbody=\toks20
\multlinegap=\skip50
\multlinetaggap=\skip51
\mathdisplay@stack=\toks21
LaTeX Info: Redefining \[ on input line 2665.
LaTeX Info: Redefining \] on input line 2666.
)
(/opt/texlive/2013/texmf-dist/tex/latex/amsfonts/amssymb.sty
Package: amssymb 2013/01/14 v3.01 AMS font symbols

(/opt/texlive/2013/texmf-dist/tex/latex/amsfonts/amsfonts.sty
Package: amsfonts 2013/01/14 v3.01 Basic AMSFonts support
\symAMSa=\mathgroup4
\symAMSb=\mathgroup5
LaTeX Font Info:    Overwriting math alphabet `\mathfrak' in version `bold'
(Font)                  U/euf/m/n --> U/euf/b/n on input line 106.
))
(/opt/texlive/2013/texmf-dist/tex/xetex/zhspacing/generic/zhspacing.sty
(/opt/texlive/2013/texmf-dist/tex/xetex/zhspacing/generic/zhsusefulmacros.sty)
Package: zhspacing 2012/03/14

(/opt/texlive/2013/texmf-dist/tex/xetex/zhspacing/generic/zhsmyclass.sty
(/opt/texlive/2013/texmf-dist/tex/xetex/zhspacing/generic/zhsusefulmacros.sty))
\@@interclasstoks@boundary@boundary=\toks22
\@@interclasstoks@halfwidth@boundary=\toks23
\@@interclasstoks@boundary@halfwidth=\toks24
\@@interclasstoks@halfwidth@halfwidth=\toks25
\@@interclasstoks@fullwidth@boundary=\toks26
\@@interclasstoks@boundary@fullwidth=\toks27
\@@interclasstoks@fullwidth@halfwidth=\toks28
\@@interclasstoks@halfwidth@fullwidth=\toks29
\@@interclasstoks@fullwidth@fullwidth=\toks30
\@@interclasstoks@alphanum@boundary=\toks31
\@@interclasstoks@boundary@alphanum=\toks32
\@@interclasstoks@alphanum@halfwidth=\toks33
\@@interclasstoks@halfwidth@alphanum=\toks34
\@@interclasstoks@alphanum@fullwidth=\toks35
\@@interclasstoks@fullwidth@alphanum=\toks36
\@@interclasstoks@alphanum@alphanum=\toks37
\@@interclasstoks@hanzi@boundary=\toks38
\@@interclasstoks@boundary@hanzi=\toks39
\@@interclasstoks@hanzi@halfwidth=\toks40
\@@interclasstoks@halfwidth@hanzi=\toks41
\@@interclasstoks@hanzi@fullwidth=\toks42
\@@interclasstoks@fullwidth@hanzi=\toks43
\@@interclasstoks@hanzi@alphanum=\toks44
\@@interclasstoks@alphanum@hanzi=\toks45
\@@interclasstoks@hanzi@hanzi=\toks46
\@@interclasstoks@openfw@boundary=\toks47
\@@interclasstoks@boundary@openfw=\toks48
\@@interclasstoks@openfw@halfwidth=\toks49
\@@interclasstoks@halfwidth@openfw=\toks50
\@@interclasstoks@openfw@fullwidth=\toks51
\@@interclasstoks@fullwidth@openfw=\toks52
\@@interclasstoks@openfw@alphanum=\toks53
\@@interclasstoks@alphanum@openfw=\toks54
\@@interclasstoks@openfw@hanzi=\toks55
\@@interclasstoks@hanzi@openfw=\toks56
\@@interclasstoks@openfw@openfw=\toks57
\@@interclasstoks@closefw@boundary=\toks58
\@@interclasstoks@boundary@closefw=\toks59
\@@interclasstoks@closefw@halfwidth=\toks60
\@@interclasstoks@halfwidth@closefw=\toks61
\@@interclasstoks@closefw@fullwidth=\toks62
\@@interclasstoks@fullwidth@closefw=\toks63
\@@interclasstoks@closefw@alphanum=\toks64
\@@interclasstoks@alphanum@closefw=\toks65
\@@interclasstoks@closefw@hanzi=\toks66
\@@interclasstoks@hanzi@closefw=\toks67
\@@interclasstoks@closefw@openfw=\toks68
\@@interclasstoks@openfw@closefw=\toks69
\@@interclasstoks@closefw@closefw=\toks70
\@@interclasstoks@halfstop@boundary=\toks71
\@@interclasstoks@boundary@halfstop=\toks72
\@@interclasstoks@halfstop@halfwidth=\toks73
\@@interclasstoks@halfwidth@halfstop=\toks74
\@@interclasstoks@halfstop@fullwidth=\toks75
\@@interclasstoks@fullwidth@halfstop=\toks76
\@@interclasstoks@halfstop@alphanum=\toks77
\@@interclasstoks@alphanum@halfstop=\toks78
\@@interclasstoks@halfstop@hanzi=\toks79
\@@interclasstoks@hanzi@halfstop=\toks80
\@@interclasstoks@halfstop@openfw=\toks81
\@@interclasstoks@openfw@halfstop=\toks82
\@@interclasstoks@halfstop@closefw=\toks83
\@@interclasstoks@closefw@halfstop=\toks84
\@@interclasstoks@halfstop@halfstop=\toks85
\@@interclasstoks@fullstop@boundary=\toks86
\@@interclasstoks@boundary@fullstop=\toks87
\@@interclasstoks@fullstop@halfwidth=\toks88
\@@interclasstoks@halfwidth@fullstop=\toks89
\@@interclasstoks@fullstop@fullwidth=\toks90
\@@interclasstoks@fullwidth@fullstop=\toks91
\@@interclasstoks@fullstop@alphanum=\toks92
\@@interclasstoks@alphanum@fullstop=\toks93
\@@interclasstoks@fullstop@hanzi=\toks94
\@@interclasstoks@hanzi@fullstop=\toks95
\@@interclasstoks@fullstop@openfw=\toks96
\@@interclasstoks@openfw@fullstop=\toks97
\@@interclasstoks@fullstop@closefw=\toks98
\@@interclasstoks@closefw@fullstop=\toks99
\@@interclasstoks@fullstop@halfstop=\toks100
\@@interclasstoks@halfstop@fullstop=\toks101
\@@interclasstoks@fullstop@fullstop=\toks102
\@@interclasstoks@fwpunct@boundary=\toks103
\@@interclasstoks@boundary@fwpunct=\toks104
\@@interclasstoks@fwpunct@halfwidth=\toks105
\@@interclasstoks@halfwidth@fwpunct=\toks106
\@@interclasstoks@fwpunct@fullwidth=\toks107
\@@interclasstoks@fullwidth@fwpunct=\toks108
\@@interclasstoks@fwpunct@alphanum=\toks109
\@@interclasstoks@alphanum@fwpunct=\toks110
\@@interclasstoks@fwpunct@hanzi=\toks111
\@@interclasstoks@hanzi@fwpunct=\toks112
\@@interclasstoks@fwpunct@openfw=\toks113
\@@interclasstoks@openfw@fwpunct=\toks114
\@@interclasstoks@fwpunct@closefw=\toks115
\@@interclasstoks@closefw@fwpunct=\toks116
\@@interclasstoks@fwpunct@halfstop=\toks117
\@@interclasstoks@halfstop@fwpunct=\toks118
\@@interclasstoks@fwpunct@fullstop=\toks119
\@@interclasstoks@fullstop@fwpunct=\toks120
\@@interclasstoks@fwpunct@fwpunct=\toks121
\@@interclasstoks@cjkexta@boundary=\toks122
\@@interclasstoks@boundary@cjkexta=\toks123
\@@interclasstoks@cjkexta@halfwidth=\toks124
\@@interclasstoks@halfwidth@cjkexta=\toks125
\@@interclasstoks@cjkexta@fullwidth=\toks126
\@@interclasstoks@fullwidth@cjkexta=\toks127
\@@interclasstoks@cjkexta@alphanum=\toks128
\@@interclasstoks@alphanum@cjkexta=\toks129
\@@interclasstoks@cjkexta@hanzi=\toks130
\@@interclasstoks@hanzi@cjkexta=\toks131
\@@interclasstoks@cjkexta@openfw=\toks132
\@@interclasstoks@openfw@cjkexta=\toks133
\@@interclasstoks@cjkexta@closefw=\toks134
\@@interclasstoks@closefw@cjkexta=\toks135
\@@interclasstoks@cjkexta@halfstop=\toks136
\@@interclasstoks@halfstop@cjkexta=\toks137
\@@interclasstoks@cjkexta@fullstop=\toks138
\@@interclasstoks@fullstop@cjkexta=\toks139
\@@interclasstoks@cjkexta@fwpunct=\toks140
\@@interclasstoks@fwpunct@cjkexta=\toks141
\@@interclasstoks@cjkexta@cjkexta=\toks142
\@@interclasstoks@cjkextb@boundary=\toks143
\@@interclasstoks@boundary@cjkextb=\toks144
\@@interclasstoks@cjkextb@halfwidth=\toks145
\@@interclasstoks@halfwidth@cjkextb=\toks146
\@@interclasstoks@cjkextb@fullwidth=\toks147
\@@interclasstoks@fullwidth@cjkextb=\toks148
\@@interclasstoks@cjkextb@alphanum=\toks149
\@@interclasstoks@alphanum@cjkextb=\toks150
\@@interclasstoks@cjkextb@hanzi=\toks151
\@@interclasstoks@hanzi@cjkextb=\toks152
\@@interclasstoks@cjkextb@openfw=\toks153
\@@interclasstoks@openfw@cjkextb=\toks154
\@@interclasstoks@cjkextb@closefw=\toks155
\@@interclasstoks@closefw@cjkextb=\toks156
\@@interclasstoks@cjkextb@halfstop=\toks157
\@@interclasstoks@halfstop@cjkextb=\toks158
\@@interclasstoks@cjkextb@fullstop=\toks159
\@@interclasstoks@fullstop@cjkextb=\toks160
\@@interclasstoks@cjkextb@fwpunct=\toks161
\@@interclasstoks@fwpunct@cjkextb=\toks162
\@@interclasstoks@cjkextb@cjkexta=\toks163
\@@interclasstoks@cjkexta@cjkextb=\toks164
\@@interclasstoks@cjkextb@cjkextb=\toks165
\n=\count139
\@@interclasstoks@longpunct@boundary=\toks166
\@@interclasstoks@boundary@longpunct=\toks167
\@@interclasstoks@longpunct@halfwidth=\toks168
\@@interclasstoks@halfwidth@longpunct=\toks169
\@@interclasstoks@longpunct@fullwidth=\toks170
\@@interclasstoks@fullwidth@longpunct=\toks171
\@@interclasstoks@longpunct@alphanum=\toks172
\@@interclasstoks@alphanum@longpunct=\toks173
\@@interclasstoks@longpunct@hanzi=\toks174
\@@interclasstoks@hanzi@longpunct=\toks175
\@@interclasstoks@longpunct@openfw=\toks176
\@@interclasstoks@openfw@longpunct=\toks177
\@@interclasstoks@longpunct@closefw=\toks178
\@@interclasstoks@closefw@longpunct=\toks179
\@@interclasstoks@longpunct@halfstop=\toks180
\@@interclasstoks@halfstop@longpunct=\toks181
\@@interclasstoks@longpunct@fullstop=\toks182
\@@interclasstoks@fullstop@longpunct=\toks183
\@@interclasstoks@longpunct@fwpunct=\toks184
\@@interclasstoks@fwpunct@longpunct=\toks185
\@@interclasstoks@longpunct@cjkexta=\toks186
\@@interclasstoks@cjkexta@longpunct=\toks187
\@@interclasstoks@longpunct@cjkextb=\toks188
\@@interclasstoks@cjkextb@longpunct=\toks189
\@@interclasstoks@longpunct@longpunct=\toks190
\@@interclasstoks@hwpunct@boundary=\toks191
\@@interclasstoks@boundary@hwpunct=\toks192
\@@interclasstoks@hwpunct@halfwidth=\toks193
\@@interclasstoks@halfwidth@hwpunct=\toks194
\@@interclasstoks@hwpunct@fullwidth=\toks195
\@@interclasstoks@fullwidth@hwpunct=\toks196
\@@interclasstoks@hwpunct@alphanum=\toks197
\@@interclasstoks@alphanum@hwpunct=\toks198
\@@interclasstoks@hwpunct@hanzi=\toks199
\@@interclasstoks@hanzi@hwpunct=\toks200
\@@interclasstoks@hwpunct@openfw=\toks201
\@@interclasstoks@openfw@hwpunct=\toks202
\@@interclasstoks@hwpunct@closefw=\toks203
\@@interclasstoks@closefw@hwpunct=\toks204
\@@interclasstoks@hwpunct@halfstop=\toks205
\@@interclasstoks@halfstop@hwpunct=\toks206
\@@interclasstoks@hwpunct@fullstop=\toks207
\@@interclasstoks@fullstop@hwpunct=\toks208
\@@interclasstoks@hwpunct@fwpunct=\toks209
\@@interclasstoks@fwpunct@hwpunct=\toks210
\@@interclasstoks@hwpunct@cjkexta=\toks211
\@@interclasstoks@cjkexta@hwpunct=\toks212
\@@interclasstoks@hwpunct@cjkextb=\toks213
\@@interclasstoks@cjkextb@hwpunct=\toks214
\@@interclasstoks@hwpunct@longpunct=\toks215
\@@interclasstoks@longpunct@hwpunct=\toks216
\@@interclasstoks@hwpunct@hwpunct=\toks217
\g__file_internal_ior=\read1
.................................................
. fontspec info: "no-scripts"
. 
. Font SimSun does not contain any OpenType `Script' information.
.................................................
\g_fontspec_family_SimSun_int=\count140
.................................................
. fontspec info: "no-font-shape"
. 
. Could not resolve font SimSun/I (it probably doesn't exist).
.................................................
.................................................
. fontspec info: "no-font-shape"
. 
. Could not resolve font SimHei/I (it probably doesn't exist).
.................................................
.................................................
. fontspec info: "defining-font"
. 
. Font family 'SimSun(0)' created for font 'SimSun' with options
. [BoldFont=SimHei].
. 
. This font family consists of the following shapes:
. 
. * 'normal' with NFSS spec.:
. <->"SimSun/ICU:"
. 
. * 'bold' with NFSS spec.:
. <->"SimHei/ICU:"
.................................................
.................................................
. fontspec info: "no-scripts"
. 
. Font SimSun does not contain any OpenType `Script' information.
.................................................
.................................................
. fontspec info: "no-font-shape"
. 
. Could not resolve font SimSun/B (it probably doesn't exist).
.................................................
.................................................
. fontspec info: "no-font-shape"
. 
. Could not resolve font SimSun/I (it probably doesn't exist).
.................................................
.................................................
. fontspec info: "no-font-shape"
. 
. Could not resolve font SimSun/BI (it probably doesn't exist).
.................................................
.................................................
. fontspec info: "defining-font"
. 
. Font family 'SimSun(1)' created for font 'SimSun' with options [].
. 
. This font family consists of the following shapes:
. 
. * 'normal' with NFSS spec.:
. <->"SimSun/ICU:"
.................................................
\zhs@tmpcnt=\count141
) (/opt/texlive/2013/texmf-dist/tex/latex/tools/verbatim.sty
Package: verbatim 2003/08/22 v1.5q LaTeX2e package for verbatim enhancements
\every@verbatim=\toks218
\verbatim@line=\toks219
\verbatim@in@stream=\read2
)
(/opt/texlive/2013/texmf-dist/tex/latex/minted/minted.sty
Package: minted 2011/09/17 v1.7 Yet another Pygments shim for LaTeX

(/opt/texlive/2013/texmf-dist/tex/latex/fancyvrb/fancyvrb.sty
Package: fancyvrb 2008/02/07

Style option: `fancyvrb' v2.7a, with DG/SPQR fixes, and firstline=lastline fix 
<2008/02/07> (tvz)
\FV@CodeLineNo=\count142
\FV@InFile=\read3
\FV@TabBox=\box48
\c@FancyVerbLine=\count143
\FV@StepNumber=\count144
\FV@OutFile=\write3
) (/opt/texlive/2013/texmf-dist/tex/latex/xcolor/xcolor.sty
Package: xcolor 2007/01/21 v2.11 LaTeX color extensions (UK)

(/opt/texlive/2013/texmf-dist/tex/latex/latexconfig/color.cfg
File: color.cfg 2007/01/18 v1.5 color configuration of teTeX/TeXLive
)
Package xcolor Info: Driver file: xetex.def on input line 225.
Package xcolor Info: Model `cmy' substituted by `cmy0' on input line 1337.
Package xcolor Info: Model `RGB' extended on input line 1353.
Package xcolor Info: Model `HTML' substituted by `rgb' on input line 1355.
Package xcolor Info: Model `Hsb' substituted by `hsb' on input line 1356.
Package xcolor Info: Model `tHsb' substituted by `hsb' on input line 1357.
Package xcolor Info: Model `HSB' substituted by `hsb' on input line 1358.
Package xcolor Info: Model `Gray' substituted by `gray' on input line 1359.
Package xcolor Info: Model `wave' substituted by `hsb' on input line 1360.
)
(/opt/texlive/2013/texmf-dist/tex/latex/float/float.sty
Package: float 2001/11/08 v1.3d Float enhancements (AL)
\c@float@type=\count145
\float@exts=\toks220
\float@box=\box49
\@float@everytoks=\toks221
\@floatcapt=\box50
)
(/opt/texlive/2013/texmf-dist/tex/latex/base/ifthen.sty
Package: ifthen 2001/05/26 v1.1c Standard LaTeX ifthen package (DPC)
)
(/opt/texlive/2013/texmf-dist/tex/latex/tools/calc.sty
Package: calc 2007/08/22 v4.3 Infix arithmetic (KKT,FJ)
\calc@Acount=\count146
\calc@Bcount=\count147
\calc@Adimen=\dimen158
\calc@Bdimen=\dimen159
\calc@Askip=\skip52
\calc@Bskip=\skip53
LaTeX Info: Redefining \setlength on input line 76.
LaTeX Info: Redefining \addtolength on input line 77.
\calc@Ccount=\count148
\calc@Cskip=\skip54
)
(/opt/texlive/2013/texmf-dist/tex/latex/ifplatform/ifplatform.sty
Package: ifplatform 2010/10/22 v0.4 Testing for the operating system

(/opt/texlive/2013/texmf-dist/tex/generic/oberdiek/pdftexcmds.sty
Package: pdftexcmds 2011/11/29 v0.20 Utility functions of pdfTeX for LuaTeX (HO
)

(/opt/texlive/2013/texmf-dist/tex/generic/oberdiek/infwarerr.sty
Package: infwarerr 2010/04/08 v1.3 Providing info/warning/error messages (HO)
)
(/opt/texlive/2013/texmf-dist/tex/generic/oberdiek/ifluatex.sty
Package: ifluatex 2010/03/01 v1.3 Provides the ifluatex switch (HO)
Package ifluatex Info: LuaTeX not detected.
)
(/opt/texlive/2013/texmf-dist/tex/generic/oberdiek/ltxcmds.sty
Package: ltxcmds 2011/11/09 v1.22 LaTeX kernel commands for general use (HO)
)
Package pdftexcmds Info: LuaTeX not detected.
Package pdftexcmds Info: pdfTeX >= 1.30 not detected.
Package pdftexcmds Info: \pdf@primitive is available.
Package pdftexcmds Info: \pdf@ifprimitive is available.
Package pdftexcmds Info: \pdfdraftmode not found.
)
(/opt/texlive/2013/texmf-dist/tex/generic/oberdiek/catchfile.sty
Package: catchfile 2011/03/01 v1.6 Catch the contents of a file (HO)

(/opt/texlive/2013/texmf-dist/tex/generic/oberdiek/etexcmds.sty
Package: etexcmds 2011/02/16 v1.5 Avoid name clashes with e-TeX commands (HO)
Package etexcmds Info: Could not find \expanded.
(etexcmds)             That can mean that you are not using pdfTeX 1.50 or
(etexcmds)             that some package has redefined \expanded.
(etexcmds)             In the latter case, load this package earlier.
))
runsystem(uname -s > "report.w18")...executed.

 (./report.w18)
runsystem(rm -- "report.w18")...executed.

)
\minted@bgbox=\box51
\minted@code=\write4
\@float@every@listing=\toks222
\c@listing=\count149
)
runsystem(which pygmentize && touch report.aex)...executed.

runsystem(rm report.aex)...executed.

 (/opt/texlive/2013/texmf-dist/tex/latex/listings/listings.sty
\lst@mode=\count150
\lst@gtempboxa=\box52
\lst@token=\toks223
\lst@length=\count151
\lst@currlwidth=\dimen160
\lst@column=\count152
\lst@pos=\count153
\lst@lostspace=\dimen161
\lst@width=\dimen162
\lst@newlines=\count154
\lst@lineno=\count155
\lst@maxwidth=\dimen163

(/opt/texlive/2013/texmf-dist/tex/latex/listings/lstmisc.sty
File: lstmisc.sty 2007/02/22 1.4 (Carsten Heinz)
\c@lstnumber=\count156
\lst@skipnumbers=\count157
\lst@framebox=\box53
)
(/opt/texlive/2013/texmf-dist/tex/latex/listings/listings.cfg
File: listings.cfg 2007/02/22 1.4 listings configuration
))
Package: listings 2007/02/22 1.4 (Carsten Heinz)

(/opt/texlive/2013/texmf-dist/tex/xetex/zhspacing/generic/zhmath.sty
Package: zhmath 2007/12/29
.................................................
. fontspec info: "no-scripts"
. 
. Font SimSun does not contain any OpenType `Script' information.
.................................................
.................................................
. fontspec info: "defining-font"
. 
. Font family 'SimSun(1)' created for font 'SimSun' with options [].
. 
. This font family consists of the following shapes:
.................................................
\symhanzi=\mathgroup6
.................................................
. fontspec info: "no-scripts"
. 
. Font Times New Roman does not contain any OpenType `Script' information.
.................................................
\g_fontspec_family_Times New Roman_int=\count158
.................................................
. fontspec info: "defining-font"
. 
. Font family 'TimesNewRoman(0)' created for font 'Times New Roman' with
. options [].
. 
. This font family consists of the following shapes:
. 
. * 'normal' with NFSS spec.:
. <->"Times New Roman/ICU:"
. 
. * 'bold' with NFSS spec.:
. <->"Times New Roman/B/ICU:"
. 
. * 'italic' with NFSS spec.:
. <->"Times New Roman/I/ICU:"
. 
. * 'bold italic' with NFSS spec.:
. <->"Times New Roman/BI/ICU:"
.................................................
\sym@letter=\mathgroup7
\sym@number=\mathgroup8
LaTeX Font Info:    Overwriting symbol font `@letter' in version `bold'
(Font)                  EU1/TimesNewRoman(0)/m/it --> EU1/TimesNewRoman(0)/bx/i
t on input line 112.
LaTeX Font Info:    Overwriting symbol font `@number' in version `bold'
(Font)                  EU1/TimesNewRoman(0)/m/n --> EU1/TimesNewRoman(0)/bx/n 
on input line 112.
)
(/opt/texlive/2013/texmf-dist/tex/latex/titlesec/titlesec.sty
Package: titlesec 2011/12/15 v2.10.0 Sectioning titles
\ttl@box=\box54
\beforetitleunit=\skip55
\aftertitleunit=\skip56
\ttl@plus=\dimen164
\ttl@minus=\dimen165
\ttl@toksa=\toks224
\titlewidth=\dimen166
\titlewidthlast=\dimen167
\titlewidthfirst=\dimen168
)
(/opt/texlive/2013/texmf-dist/tex/latex/titlesec/titletoc.sty
Package: titletoc 2011/12/15 v1.6 TOC entries
\ttl@leftsep=\dimen169
)
(/opt/texlive/2013/texmf-dist/tex/latex/tools/enumerate.sty
Package: enumerate 1999/03/05 v3.00 enumerate extensions (DPC)
\@enLab=\toks225
)
(/opt/texlive/2013/texmf-dist/tex/latex/hyperref/hyperref.sty
Package: hyperref 2012/11/06 v6.83m Hypertext links for LaTeX

(/opt/texlive/2013/texmf-dist/tex/generic/oberdiek/hobsub-hyperref.sty
Package: hobsub-hyperref 2012/05/28 v1.13 Bundle oberdiek, subset hyperref (HO)


(/opt/texlive/2013/texmf-dist/tex/generic/oberdiek/hobsub-generic.sty
Package: hobsub-generic 2012/05/28 v1.13 Bundle oberdiek, subset generic (HO)
Package: hobsub 2012/05/28 v1.13 Construct package bundles (HO)
Package hobsub Info: Skipping package `infwarerr' (already loaded).
Package hobsub Info: Skipping package `ltxcmds' (already loaded).
Package hobsub Info: Skipping package `ifluatex' (already loaded).
Package: ifvtex 2010/03/01 v1.5 Detect VTeX and its facilities (HO)
Package ifvtex Info: VTeX not detected.
Package: intcalc 2007/09/27 v1.1 Expandable calculations with integers (HO)
Package hobsub Info: Skipping package `ifpdf' (already loaded).
Package hobsub Info: Skipping package `etexcmds' (already loaded).
Package: kvsetkeys 2012/04/25 v1.16 Key value parser (HO)
Package: kvdefinekeys 2011/04/07 v1.3 Define keys (HO)
Package hobsub Info: Skipping package `pdftexcmds' (already loaded).
Package: pdfescape 2011/11/25 v1.13 Implements pdfTeX's escape features (HO)
Package: bigintcalc 2012/04/08 v1.3 Expandable calculations on big integers (HO
)
Package: bitset 2011/01/30 v1.1 Handle bit-vector datatype (HO)
Package: uniquecounter 2011/01/30 v1.2 Provide unlimited unique counter (HO)
)
Package hobsub Info: Skipping package `hobsub' (already loaded).
Package: letltxmacro 2010/09/02 v1.4 Let assignment for LaTeX macros (HO)
Package: hopatch 2012/05/28 v1.2 Wrapper for package hooks (HO)
Package: xcolor-patch 2011/01/30 xcolor patch
Package: atveryend 2011/06/30 v1.8 Hooks at the very end of document (HO)
Package atveryend Info: \enddocument detected (standard20110627).
Package: atbegshi 2011/10/05 v1.16 At begin shipout hook (HO)
Package: refcount 2011/10/16 v3.4 Data extraction from label references (HO)
Package: hycolor 2011/01/30 v1.7 Color options for hyperref/bookmark (HO)
)
(/opt/texlive/2013/texmf-dist/tex/generic/ifxetex/ifxetex.sty
Package: ifxetex 2010/09/12 v0.6 Provides ifxetex conditional
)
(/opt/texlive/2013/texmf-dist/tex/latex/oberdiek/auxhook.sty
Package: auxhook 2011/03/04 v1.3 Hooks for auxiliary files (HO)
)
(/opt/texlive/2013/texmf-dist/tex/latex/oberdiek/kvoptions.sty
Package: kvoptions 2011/06/30 v3.11 Key value format for package options (HO)
)
\@linkdim=\dimen170
\Hy@linkcounter=\count159
\Hy@pagecounter=\count160

(/opt/texlive/2013/texmf-dist/tex/latex/hyperref/pd1enc.def
File: pd1enc.def 2012/11/06 v6.83m Hyperref: PDFDocEncoding definition (HO)
)
\Hy@SavedSpaceFactor=\count161

(/opt/texlive/2013/texmf-dist/tex/latex/latexconfig/hyperref.cfg
File: hyperref.cfg 2002/06/06 v1.2 hyperref configuration of TeXLive
)
Package hyperref Info: Option `hyperfootnotes' set `false' on input line 4319.
Package hyperref Info: Option `colorlinks' set `true' on input line 4319.
Package hyperref Info: Hyper figures OFF on input line 4443.
Package hyperref Info: Link nesting OFF on input line 4448.
Package hyperref Info: Hyper index ON on input line 4451.
Package hyperref Info: Plain pages OFF on input line 4458.
Package hyperref Info: Backreferencing OFF on input line 4463.
Package hyperref Info: Implicit mode ON; LaTeX internals redefined.
Package hyperref Info: Bookmarks ON on input line 4688.
\c@Hy@tempcnt=\count162

(/opt/texlive/2013/texmf-dist/tex/latex/url/url.sty
\Urlmuskip=\muskip17
Package: url 2006/04/12  ver 3.3  Verb mode for urls, etc.
)
LaTeX Info: Redefining \url on input line 5041.
\XeTeXLinkMargin=\dimen171
\Fld@menulength=\count163
\Field@Width=\dimen172
\Fld@charsize=\dimen173
Package hyperref Info: Hyper figures OFF on input line 6295.
Package hyperref Info: Link nesting OFF on input line 6300.
Package hyperref Info: Hyper index ON on input line 6303.
Package hyperref Info: backreferencing OFF on input line 6310.
Package hyperref Info: Link coloring ON on input line 6313.
Package hyperref Info: Link coloring with OCG OFF on input line 6320.
Package hyperref Info: PDF/A mode OFF on input line 6325.
LaTeX Info: Redefining \ref on input line 6365.
LaTeX Info: Redefining \pageref on input line 6369.
\Hy@abspage=\count164
\c@Item=\count165
)

Package hyperref Message: Driver (autodetected): hxetex.

(/opt/texlive/2013/texmf-dist/tex/latex/hyperref/hxetex.def
File: hxetex.def 2012/11/06 v6.83m Hyperref driver for XeTeX

(/opt/texlive/2013/texmf-dist/tex/latex/hyperref/puenc.def
File: puenc.def 2012/11/06 v6.83m Hyperref: PDF Unicode definition (HO)
)
(/opt/texlive/2013/texmf-dist/tex/generic/oberdiek/stringenc.sty
Package: stringenc 2011/12/02 v1.10 Convert strings between diff. encodings (HO
)
)
\pdfm@box=\box55
\c@Hy@AnnotLevel=\count166
\HyField@AnnotCount=\count167
\Fld@listcount=\count168
\c@bookmark@seq@number=\count169

(/opt/texlive/2013/texmf-dist/tex/latex/oberdiek/rerunfilecheck.sty
Package: rerunfilecheck 2011/04/15 v1.7 Rerun checks for auxiliary files (HO)
Package rerunfilecheck Info: Feature \pdfmdfivesum is not available
(rerunfilecheck)             (e.g. pdfTeX or LuaTeX with package `pdftexcmds').

(rerunfilecheck)             Therefore file contents cannot be checked efficien
tly
(rerunfilecheck)             and the loading of the package is aborted.
)
\Hy@SectionHShift=\skip57
)
(/opt/texlive/2013/texmf-dist/tex/latex/biblatex/biblatex.sty
Package: biblatex 2013/05/01 v2.6 programmable bibliographies (PK/JW/AB)

(/opt/texlive/2013/texmf-dist/tex/latex/biblatex/biblatex2.sty
Package: biblatex2 2013/05/01 v2.6 programmable bibliographies (biber) (PK/JW/A
B)

(/opt/texlive/2013/texmf-dist/tex/latex/etoolbox/etoolbox.sty
Package: etoolbox 2011/01/03 v2.1 e-TeX tools for LaTeX
\etb@tempcnta=\count170
)
(/opt/texlive/2013/texmf-dist/tex/latex/logreq/logreq.sty
Package: logreq 2010/08/04 v1.0 xml request logger
\lrq@indent=\count171

(/opt/texlive/2013/texmf-dist/tex/latex/logreq/logreq.def
File: logreq.def 2010/08/04 v1.0 logreq spec v1.0
))
\c@tabx@nest=\count172
\c@listtotal=\count173
\c@listcount=\count174
\c@liststart=\count175
\c@liststop=\count176
\c@citecount=\count177
\c@citetotal=\count178
\c@multicitecount=\count179
\c@multicitetotal=\count180
\c@instcount=\count181
\c@maxnames=\count182
\c@minnames=\count183
\c@maxitems=\count184
\c@minitems=\count185
\c@citecounter=\count186
\c@savedcitecounter=\count187
\c@uniquelist=\count188
\c@uniquename=\count189
\c@refsection=\count190
\c@refsegment=\count191
\c@maxextratitle=\count192
\c@maxextratitleyear=\count193
\c@maxextrayear=\count194
\c@maxextraalpha=\count195
\c@abbrvpenalty=\count196
\c@highnamepenalty=\count197
\c@lownamepenalty=\count198
\c@maxparens=\count199
\c@parenlevel=\count200
\blx@tempcnta=\count201
Normal \count register pool exhausted, switching to extended pool.
\blx@tempcntb=\count277
\blx@tempcntc=\count278
\blx@maxsection=\count279
\blx@maxsegment@0=\count280
\blx@notetype=\count281
\blx@parenlevel@text=\count282
\blx@parenlevel@foot=\count283
\blx@sectionciteorder@0=\count284
\labelnumberwidth=\skip58
\labelalphawidth=\skip59
\shorthandwidth=\skip60
\biblabelsep=\skip61
\bibitemsep=\skip62
\bibnamesep=\skip63
\bibinitsep=\skip64
\bibparsep=\skip65
\bibhang=\skip66
\blx@bcfin=\read4
\blx@bcfout=\write5
\c@mincomprange=\count285
\c@maxcomprange=\count286
\c@mincompwidth=\count287
Package biblatex Info: Trying to load biblatex default data model...
Package biblatex Info: ... file 'blx-dm.def' found.

(/opt/texlive/2013/texmf-dist/tex/latex/biblatex/blx-dm.def)
Package biblatex Info: Trying to load biblatex custom data model...
Package biblatex Info: ... file 'biblatex-dm.cfg' not found.
\c@afterword=\count288
\c@savedafterword=\count289
\c@annotator=\count290
\c@savedannotator=\count291
\c@author=\count292
\c@savedauthor=\count293
\c@bookauthor=\count294
\c@savedbookauthor=\count295
\c@commentator=\count296
\c@savedcommentator=\count297
\c@editor=\count298
\c@savededitor=\count299
\c@editora=\count300
\c@savededitora=\count301
\c@editorb=\count302
\c@savededitorb=\count303
\c@editorc=\count304
\c@savededitorc=\count305
\c@foreword=\count306
\c@savedforeword=\count307
\c@holder=\count308
\c@savedholder=\count309
\c@introduction=\count310
\c@savedintroduction=\count311
\c@namea=\count312
\c@savednamea=\count313
\c@nameb=\count314
\c@savednameb=\count315
\c@namec=\count316
\c@savednamec=\count317
\c@shortauthor=\count318
\c@savedshortauthor=\count319
\c@shorteditor=\count320
\c@savedshorteditor=\count321
\c@translator=\count322
\c@savedtranslator=\count323
\c@labelname=\count324
\c@savedlabelname=\count325
\c@institution=\count326
\c@savedinstitution=\count327
\c@lista=\count328
\c@savedlista=\count329
\c@listb=\count330
\c@savedlistb=\count331
\c@listc=\count332
\c@savedlistc=\count333
\c@listd=\count334
\c@savedlistd=\count335
\c@liste=\count336
\c@savedliste=\count337
\c@listf=\count338
\c@savedlistf=\count339
\c@location=\count340
\c@savedlocation=\count341
\c@organization=\count342
\c@savedorganization=\count343
\c@origlocation=\count344
\c@savedoriglocation=\count345
\c@origpublisher=\count346
\c@savedorigpublisher=\count347
\c@publisher=\count348
\c@savedpublisher=\count349
\c@language=\count350
\c@savedlanguage=\count351
\c@pageref=\count352
\c@savedpageref=\count353
Package biblatex Info: Trying to load compatibility code...
Package biblatex Info: ... file 'blx-compat.def' found.

(/opt/texlive/2013/texmf-dist/tex/latex/biblatex/blx-compat.def
File: blx-compat.def 2013/05/01 v2.6 biblatex compatibility (PK/JW/AB)
)
Package biblatex Info: Trying to load generic definitions...
Package biblatex Info: ... file 'biblatex.def' found.

(/opt/texlive/2013/texmf-dist/tex/latex/biblatex/biblatex.def
File: biblatex.def 
\c@biburlnumpenalty=\count354
\c@biburlucpenalty=\count355
\c@biburllcpenalty=\count356
\c@smartand=\count357
)
Package biblatex Info: Trying to load bibliography style 'numeric'...
Package biblatex Info: ... file 'numeric.bbx' found.

(/opt/texlive/2013/texmf-dist/tex/latex/biblatex/bbx/numeric.bbx
File: numeric.bbx 2013/05/01 v2.6 biblatex bibliography style (PK/JW/AB)
Package biblatex Info: Trying to load bibliography style 'standard'...
Package biblatex Info: ... file 'standard.bbx' found.

(/opt/texlive/2013/texmf-dist/tex/latex/biblatex/bbx/standard.bbx
File: standard.bbx 2013/05/01 v2.6 biblatex bibliography style (PK/JW/AB)
\c@bbx:relatedcount=\count358
\c@bbx:relatedtotal=\count359
))
Package biblatex Info: Trying to load citation style 'numeric'...
Package biblatex Info: ... file 'numeric.cbx' found.

(/opt/texlive/2013/texmf-dist/tex/latex/biblatex/cbx/numeric.cbx
File: numeric.cbx 2013/05/01 v2.6 biblatex citation style (PK/JW/AB)
Package biblatex Info: Redefining '\cite'.
Package biblatex Info: Redefining '\parencite'.
Package biblatex Info: Redefining '\footcite'.
Package biblatex Info: Redefining '\footcitetext'.
Package biblatex Info: Redefining '\smartcite'.
Package biblatex Info: Redefining '\textcite'.
Package biblatex Info: Redefining '\supercite'.
Package biblatex Info: Redefining '\cites'.
Package biblatex Info: Redefining '\parencites'.
Package biblatex Info: Redefining '\smartcites'.
)
Package biblatex Info: Trying to load configuration file...
Package biblatex Info: ... file 'biblatex.cfg' found.

(/opt/texlive/2013/texmf-dist/tex/latex/biblatex/biblatex.cfg
File: biblatex.cfg 
)))
(/opt/texlive/2013/texmf-dist/tex/latex/subfigure/subfigure.sty
Package: subfigure 2002/03/15 v2.1.5 subfigure package
\subfigtopskip=\skip67
\subfigcapskip=\skip68
\subfigcaptopadj=\dimen174
\subfigbottomskip=\skip69
\subfigcapmargin=\dimen175
\subfiglabelskip=\skip70
\c@subfigure=\count360
\c@lofdepth=\count361
\c@subtable=\count362
\c@lotdepth=\count363

****************************************
* Local config file subfigure.cfg used *
****************************************
(/opt/texlive/2013/texmf-dist/tex/latex/subfigure/subfigure.cfg)
\subfig@top=\skip71
\subfig@bottom=\skip72
)
(/opt/texlive/2013/texmf-dist/tex/latex/tools/indentfirst.sty
Package: indentfirst 1995/11/23 v1.03 Indent first paragraph (DPC)
)
(/opt/texlive/2013/texmf-dist/tex/latex/changepage/chngpage.sty
Package: chngpage 2009/10/20 v1.2b change page layout
\c@cp@cnt=\count364
\c@cp@tempcnt=\count365
)
(/opt/texlive/2013/texmf-dist/tex/latex/caption/caption.sty
Package: caption 2013/05/02 v3.3-89 Customizing captions (AR)

(/opt/texlive/2013/texmf-dist/tex/latex/caption/caption3.sty
Package: caption3 2013/05/02 v1.6-88 caption3 kernel (AR)
Package caption3 Info: TeX engine: e-TeX on input line 57.
\captionmargin=\dimen176
\captionmargin@=\dimen177
\captionwidth=\dimen178
\caption@tempdima=\dimen179
\caption@indent=\dimen180
\caption@parindent=\dimen181
\caption@hangindent=\dimen182
)
\c@ContinuedFloat=\count366
Package caption Info: float package is loaded.
Package caption Info: hyperref package is loaded.
Package caption Info: listings package is loaded.
Package caption Info: subfigure package is loaded.
Package caption Info: threeparttable package is loaded.
)
.................................................
. fontspec info: "no-scripts"
. 
. Font SimSun does not contain any OpenType `Script' information.
.................................................
.................................................
. fontspec info: "no-font-shape"
. 
. Could not resolve font SimHei/I (it probably doesn't exist).
.................................................
.................................................
. fontspec info: "defining-font"
. 
. Font family 'SimSun(2)' created for font 'SimSun' with options
. [BoldFont=SimHei,ItalicFont=KaiTi_GB2312].
. 
. This font family consists of the following shapes:
. 
. * 'normal' with NFSS spec.:
. <->"SimSun/ICU:"
. 
. * 'bold' with NFSS spec.:
. <->"SimHei/ICU:"
. 
. * 'italic' with NFSS spec.:
. <->"KaiTi_GB2312/ICU:"
.................................................
LaTeX Info: Redefining \zhfont on input line 22.

zhspacing installed.
(/opt/texlive/2013/texmf-dist/tex/latex/fancyhdr/fancyhdr.sty
\fancy@headwidth=\skip73
\f@ncyO@elh=\skip74
\f@ncyO@erh=\skip75
\f@ncyO@olh=\skip76
\f@ncyO@orh=\skip77
\f@ncyO@elf=\skip78
\f@ncyO@erf=\skip79
\f@ncyO@olf=\skip80
\f@ncyO@orf=\skip81
)
\savewidth=\skip82
 (./mint-defs.tex)
Package biblatex Info: Trying to load language 'english'...
Package biblatex Info: ... file 'english.lbx' found.
 (/opt/texlive/2013/texmf-dist/tex/latex/biblatex/lbx/english.lbx
File: english.lbx 2013/05/01 v2.6 biblatex localization (PK/JW/AB)
)
\@quotelevel=\count367
\@quotereset=\count368

(./report.aux)
\openout1 = `report.aux'.

LaTeX Font Info:    Checking defaults for OML/cmm/m/it on input line 69.
LaTeX Font Info:    ... okay on input line 69.
LaTeX Font Info:    Checking defaults for T1/cmr/m/n on input line 69.
LaTeX Font Info:    ... okay on input line 69.
LaTeX Font Info:    Checking defaults for OT1/cmr/m/n on input line 69.
LaTeX Font Info:    ... okay on input line 69.
LaTeX Font Info:    Checking defaults for OMS/cmsy/m/n on input line 69.
LaTeX Font Info:    ... okay on input line 69.
LaTeX Font Info:    Checking defaults for OMX/cmex/m/n on input line 69.
LaTeX Font Info:    ... okay on input line 69.
LaTeX Font Info:    Checking defaults for U/cmr/m/n on input line 69.
LaTeX Font Info:    ... okay on input line 69.
LaTeX Font Info:    Checking defaults for EU1/lmr/m/n on input line 69.
LaTeX Font Info:    ... okay on input line 69.
LaTeX Font Info:    Checking defaults for T3/cmr/m/n on input line 69.
LaTeX Font Info:    Try loading font information for T3+cmr on input line 69.
 (/opt/texlive/2013/texmf-dist/tex/latex/tipa/t3cmr.fd
File: t3cmr.fd 2001/12/31 TIPA font definitions
)
LaTeX Font Info:    ... okay on input line 69.
LaTeX Font Info:    Checking defaults for PD1/pdf/m/n on input line 69.
LaTeX Font Info:    ... okay on input line 69.
LaTeX Font Info:    Checking defaults for PU/pdf/m/n on input line 69.
LaTeX Font Info:    ... okay on input line 69.
.................................................
. fontspec info: "setup-math"
. 
. Adjusting the maths setup (use [no-math] to avoid this).
.................................................
\symlegacymaths=\mathgroup9
LaTeX Font Info:    Overwriting symbol font `legacymaths' in version `bold'
(Font)                  OT1/cmr/m/n --> OT1/cmr/bx/n on input line 69.
LaTeX Font Info:    Redeclaring math accent \acute on input line 69.
LaTeX Font Info:    Redeclaring math accent \grave on input line 69.
LaTeX Font Info:    Redeclaring math accent \ddot on input line 69.
LaTeX Font Info:    Redeclaring math accent \tilde on input line 69.
LaTeX Font Info:    Redeclaring math accent \bar on input line 69.
LaTeX Font Info:    Redeclaring math accent \breve on input line 69.
LaTeX Font Info:    Redeclaring math accent \check on input line 69.
LaTeX Font Info:    Redeclaring math accent \hat on input line 69.
LaTeX Font Info:    Redeclaring math accent \dot on input line 69.
LaTeX Font Info:    Redeclaring math accent \mathring on input line 69.
LaTeX Font Info:    Redeclaring math symbol \Gamma on input line 69.
LaTeX Font Info:    Redeclaring math symbol \Delta on input line 69.
LaTeX Font Info:    Redeclaring math symbol \Theta on input line 69.
LaTeX Font Info:    Redeclaring math symbol \Lambda on input line 69.
LaTeX Font Info:    Redeclaring math symbol \Xi on input line 69.
LaTeX Font Info:    Redeclaring math symbol \Pi on input line 69.
LaTeX Font Info:    Redeclaring math symbol \Sigma on input line 69.
LaTeX Font Info:    Redeclaring math symbol \Upsilon on input line 69.
LaTeX Font Info:    Redeclaring math symbol \Phi on input line 69.
LaTeX Font Info:    Redeclaring math symbol \Psi on input line 69.
LaTeX Font Info:    Redeclaring math symbol \Omega on input line 69.
LaTeX Font Info:    Redeclaring math symbol \mathdollar on input line 69.
LaTeX Font Info:    Redeclaring symbol font `operators' on input line 69.
LaTeX Font Info:    Encoding `OT1' has changed to `EU1' for symbol font
(Font)              `operators' in the math version `normal' on input line 69.
LaTeX Font Info:    Overwriting symbol font `operators' in version `normal'
(Font)                  OT1/cmr/m/n --> EU1/lmr/m/n on input line 69.
LaTeX Font Info:    Encoding `OT1' has changed to `EU1' for symbol font
(Font)              `operators' in the math version `bold' on input line 69.
LaTeX Font Info:    Overwriting symbol font `operators' in version `bold'
(Font)                  OT1/cmr/bx/n --> EU1/lmr/m/n on input line 69.
LaTeX Font Info:    Overwriting symbol font `operators' in version `normal'
(Font)                  EU1/lmr/m/n --> EU1/lmr/m/n on input line 69.
LaTeX Font Info:    Overwriting math alphabet `\mathrm' in version `normal'
(Font)                  EU1/lmr/m/n --> EU1/lmr/m/n on input line 69.
LaTeX Font Info:    Overwriting math alphabet `\mathit' in version `normal'
(Font)                  OT1/cmr/m/it --> EU1/lmr/m/it on input line 69.
LaTeX Font Info:    Overwriting math alphabet `\mathbf' in version `normal'
(Font)                  OT1/cmr/bx/n --> EU1/lmr/bx/n on input line 69.
LaTeX Font Info:    Overwriting math alphabet `\mathsf' in version `normal'
(Font)                  OT1/cmss/m/n --> EU1/lmss/m/n on input line 69.
LaTeX Font Info:    Overwriting math alphabet `\mathtt' in version `normal'
(Font)                  OT1/cmtt/m/n --> EU1/lmtt/m/n on input line 69.
LaTeX Font Info:    Overwriting symbol font `operators' in version `bold'
(Font)                  EU1/lmr/m/n --> EU1/lmr/bx/n on input line 69.
LaTeX Font Info:    Overwriting math alphabet `\mathrm' in version `bold'
(Font)                  EU1/lmr/m/n --> EU1/lmr/bx/n on input line 69.
LaTeX Font Info:    Overwriting math alphabet `\mathit' in version `bold'
(Font)                  OT1/cmr/bx/it --> EU1/lmr/bx/it on input line 69.
LaTeX Font Info:    Overwriting math alphabet `\mathsf' in version `bold'
(Font)                  OT1/cmss/bx/n --> EU1/lmss/bx/n on input line 69.
LaTeX Font Info:    Overwriting math alphabet `\mathtt' in version `bold'
(Font)                  OT1/cmtt/m/n --> EU1/lmtt/bx/n on input line 69.
runsystem(pygmentize -S default -f latex > report.pyg)...executed.


(./report.pyg)
\c@lstlisting=\count369
\AtBeginShipoutBox=\box56
Package hyperref Info: Link coloring ON on input line 69.
 (/opt/texlive/2013/texmf-dist/tex/latex/hyperref/nameref.sty
Package: nameref 2012/10/27 v2.43 Cross-referencing by name of section

(/opt/texlive/2013/texmf-dist/tex/generic/oberdiek/gettitlestring.sty
Package: gettitlestring 2010/12/03 v1.4 Cleanup title references (HO)
)
\c@section@level=\count370
)
LaTeX Info: Redefining \ref on input line 69.
LaTeX Info: Redefining \pageref on input line 69.
LaTeX Info: Redefining \nameref on input line 69.

(./report.out) (./report.out)
\@outlinefile=\write6
\openout6 = `report.out'.

Package biblatex Info: XeTeX detected.
(biblatex)             Assuming input encoding 'utf8'.
Package biblatex Info: Automatic encoding selection.
(biblatex)             Assuming data encoding 'utf8'.
\openout5 = `report.bcf'.

Package biblatex Info: Trying to load bibliographic data...
Package biblatex Info: ... file 'report.bbl' found.
 (./report.bbl)
Package biblatex Info: Reference section=0 on input line 69.
Package biblatex Info: Reference segment=0 on input line 69.
Package caption Info: Begin \AtBeginDocument code.
Package caption Info: End \AtBeginDocument code.
LaTeX Font Info:    Try loading font information for U+msa on input line 72.

(/opt/texlive/2013/texmf-dist/tex/latex/amsfonts/umsa.fd
File: umsa.fd 2013/01/14 v3.01 AMS symbols A
)
LaTeX Font Info:    Try loading font information for U+msb on input line 72.

(/opt/texlive/2013/texmf-dist/tex/latex/amsfonts/umsb.fd
File: umsb.fd 2013/01/14 v3.01 AMS symbols B
) (./report.toc)
\tf@toc=\write7
\openout7 = `report.toc'.


(./documentation.tex
(/opt/texlive/2013/texmf-dist/tex/generic/oberdiek/se-ascii-print.def
File: se-ascii-print.def 2011/12/02 v1.10 stringenc: Printable ASCII characters

) [1

]
[2])

LaTeX Warning: Empty bibliography on input line 78.

Package atveryend Info: Empty hook `BeforeClearDocument' on input line 80.
[3]
Package atveryend Info: Empty hook `AfterLastShipout' on input line 80.
 (./report.aux)
Package atveryend Info: Empty hook `AtVeryEndDocument' on input line 80.
Package atveryend Info: Empty hook `AtEndAfterFileList' on input line 80.
Package logreq Info: Writing requests to 'report.run.xml'.
\openout1 = `report.run.xml'.

Package atveryend Info: Empty hook `AtVeryVeryEnd' on input line 80.
 ) 
Here is how much of TeX's memory you used:
 31285 strings out of 493938
 580103 string characters out of 6151197
 935270 words of memory out of 5000000
 34170 multiletter control sequences out of 15000+600000
 10489 words of font info for 76 fonts, out of 8000000 for 9000
 1144 hyphenation exceptions out of 8191
 44i,11n,48p,934b,656s stack positions out of 5000i,500n,10000p,200000b,80000s

Output written on report.pdf (3 pages).
